<?xml version="1.0" encoding="UTF-8"?>
<!-- Generated by org.testng.reporters.JUnitXMLReporter -->
<testsuite ignored="0" hostname="LAPTOP-OOUS1A74" failures="0" tests="2" name="Surefire test" time="22.452" errors="0" timestamp="2025-06-26T15:33:14 IST">
  <testcase classname="com.cognizant.actualTestNGPractise.TestAddToCart" name="testAddToCart" time="0.215"/>
  <testcase classname="com.cognizant.actualTestNGPractise.TestLogin" name="loginWithValidCredential" time="4.543"/>
</testsuite> <!-- Surefire test -->
