<?xml version="1.0" encoding="UTF-8"?>
<!-- Generated by org.testng.reporters.JUnitXMLReporter -->
<testsuite ignored="6" hostname="LAPTOP-OOUS1A74" failures="0" tests="2" name="Test" time="0.056" errors="0" timestamp="2025-06-18T12:08:11 IST">
  <testcase classname="com.cognizant.xmlpractice.ClassA" name="test2" time="0.006"/>
  <testcase classname="com.cognizant.xmlpractice.ClassB" name="test6" time="0.003"/>
  <testcase classname="com.cognizant.xmlpractice.ClassA" name="test3" time="0.0">
    <ignored/>
  </testcase> <!-- test3 -->
  <testcase classname="com.cognizant.xmlpractice.ClassC" name="test8" time="0.0">
    <ignored/>
  </testcase> <!-- test8 -->
  <testcase classname="com.cognizant.xmlpractice.ClassB" name="test4" time="0.0">
    <ignored/>
  </testcase> <!-- test4 -->
  <testcase classname="com.cognizant.xmlpractice.ClassA" name="test1" time="0.0">
    <ignored/>
  </testcase> <!-- test1 -->
  <testcase classname="com.cognizant.xmlpractice.ClassB" name="test5" time="0.0">
    <ignored/>
  </testcase> <!-- test5 -->
  <testcase classname="com.cognizant.xmlpractice.ClassC" name="test7" time="0.0">
    <ignored/>
  </testcase> <!-- test7 -->
</testsuite> <!-- Test -->
