<?xml version="1.0" encoding="UTF-8"?>
<!-- Generated by org.testng.reporters.JUnitXMLReporter -->
<testsuite ignored="0" hostname="LAPTOP-OOUS1A74" failures="0" tests="6" name="Test1" time="0.052" errors="0" timestamp="2025-06-18T12:02:26 IST">
  <testcase classname="com.cognizant.xmlpractice.ClassB" name="test4" time="0.007"/>
  <testcase classname="com.cognizant.xmlpractice.ClassA" name="test1" time="0.007"/>
  <testcase classname="com.cognizant.xmlpractice.ClassB" name="test5" time="0.001"/>
  <testcase classname="com.cognizant.xmlpractice.ClassA" name="test2" time="0.002"/>
  <testcase classname="com.cognizant.xmlpractice.ClassB" name="test6" time="0.001"/>
  <testcase classname="com.cognizant.xmlpractice.ClassA" name="test3" time="0.0"/>
</testsuite> <!-- Test1 -->
