<?xml version="1.0" encoding="UTF-8"?>
<!-- Generated by org.testng.reporters.JUnitXMLReporter -->
<testsuite ignored="0" hostname="LAPTOP-OOUS1A74" failures="0" tests="3" name="Test3" time="0.011" errors="0" timestamp="2025-06-18T01:20:59 IST">
  <testcase classname="com.cognizant.paralleltesting.ClassC" name="test1" time="0.001"/>
  <testcase classname="com.cognizant.paralleltesting.ClassC" name="test2" time="0.001"/>
  <testcase classname="com.cognizant.paralleltesting.ClassC" name="test3" time="0.002"/>
</testsuite> <!-- Test3 -->
