<?xml version="1.0" encoding="UTF-8"?>
<testng-results ignored="0" total="2" passed="2" failed="0" skipped="0">
  <reporter-output>
  </reporter-output>
  <suite started-at="2025-06-26T15:32:51 IST" name="Surefire suite" finished-at="2025-06-26T15:33:14 IST" duration-ms="22452">
    <groups>
    </groups>
    <test started-at="2025-06-26T15:32:51 IST" name="Surefire test" finished-at="2025-06-26T15:33:14 IST" duration-ms="22452">
      <class name="com.cognizant.actualTestNGPractise.TestLogin">
        <test-method signature="loginWithValidCredential()[pri:0, instance:com.cognizant.actualTestNGPractise.TestLogin@363ee3a2]" started-at="2025-06-26T15:33:09 IST" name="loginWithValidCredential" finished-at="2025-06-26T15:33:14 IST" duration-ms="4543" status="PASS">
          <reporter-output>
          </reporter-output>
        </test-method> <!-- loginWithValidCredential -->
      </class> <!-- com.cognizant.actualTestNGPractise.TestLogin -->
      <class name="com.cognizant.actualTestNGPractise.TestAddToCart">
        <test-method is-config="true" signature="dbConnection()[pri:0, instance:com.cognizant.actualTestNGPractise.TestAddToCart@65466a6a]" started-at="2025-06-26T15:32:51 IST" name="dbConnection" finished-at="2025-06-26T15:32:51 IST" duration-ms="14" status="PASS">
          <reporter-output>
          </reporter-output>
        </test-method> <!-- dbConnection -->
        <test-method is-config="true" signature="browserSetup(java.lang.String,java.lang.String)[pri:0, instance:com.cognizant.actualTestNGPractise.TestAddToCart@65466a6a]" started-at="2025-06-26T15:32:51 IST" name="browserSetup" finished-at="2025-06-26T15:33:04 IST" duration-ms="12365" status="PASS">
          <params>
            <param index="0">
              <value>
                <![CDATA[https://www.saucedemo.com/v1/]]>
              </value>
            </param>
            <param index="1">
              <value>
                <![CDATA[Edge]]>
              </value>
            </param>
          </params>
          <reporter-output>
          </reporter-output>
        </test-method> <!-- browserSetup -->
        <test-method is-config="true" signature="loginIntoApplication()[pri:0, instance:com.cognizant.actualTestNGPractise.TestAddToCart@65466a6a]" started-at="2025-06-26T15:33:04 IST" name="loginIntoApplication" finished-at="2025-06-26T15:33:06 IST" duration-ms="2486" status="PASS">
          <reporter-output>
          </reporter-output>
        </test-method> <!-- loginIntoApplication -->
        <test-method signature="testAddToCart()[pri:0, instance:com.cognizant.actualTestNGPractise.TestAddToCart@65466a6a]" started-at="2025-06-26T15:33:06 IST" name="testAddToCart" finished-at="2025-06-26T15:33:06 IST" duration-ms="215" status="PASS">
          <reporter-output>
          </reporter-output>
        </test-method> <!-- testAddToCart -->
        <test-method is-config="true" signature="logoutFromApplication()[pri:0, instance:com.cognizant.actualTestNGPractise.TestAddToCart@65466a6a]" started-at="2025-06-26T15:33:06 IST" name="logoutFromApplication" finished-at="2025-06-26T15:33:08 IST" duration-ms="1276" status="PASS">
          <reporter-output>
          </reporter-output>
        </test-method> <!-- logoutFromApplication -->
        <test-method is-config="true" signature="teardown()[pri:0, instance:com.cognizant.actualTestNGPractise.TestAddToCart@65466a6a]" started-at="2025-06-26T15:33:08 IST" name="teardown" finished-at="2025-06-26T15:33:09 IST" duration-ms="1500" status="PASS">
          <reporter-output>
          </reporter-output>
        </test-method> <!-- teardown -->
        <test-method is-config="true" signature="closeDb()[pri:0, instance:com.cognizant.actualTestNGPractise.TestAddToCart@65466a6a]" started-at="2025-06-26T15:33:14 IST" name="closeDb" finished-at="2025-06-26T15:33:14 IST" duration-ms="1" status="PASS">
          <reporter-output>
          </reporter-output>
        </test-method> <!-- closeDb -->
      </class> <!-- com.cognizant.actualTestNGPractise.TestAddToCart -->
    </test> <!-- Surefire test -->
  </suite> <!-- Surefire suite -->
</testng-results>
