<?xml version="1.0" encoding="UTF-8"?>
<testng-results ignored="6" total="8" passed="2" failed="0" skipped="0">
  <reporter-output>
  </reporter-output>
  <suite started-at="2025-06-18T12:08:11 IST" name="Suite" finished-at="2025-06-18T12:08:11 IST" duration-ms="56">
    <groups>
      <group name="regression">
        <method signature="ClassA.test2()[pri:0, instance:com.cognizant.xmlpractice.ClassA@313ac989]" name="test2" class="com.cognizant.xmlpractice.ClassA"/>
        <method signature="ClassB.test6()[pri:0, instance:com.cognizant.xmlpractice.ClassB@2a4fb17b]" name="test6" class="com.cognizant.xmlpractice.ClassB"/>
      </group> <!-- regression -->
      <group name="smoke">
        <method signature="ClassA.test2()[pri:0, instance:com.cognizant.xmlpractice.ClassA@313ac989]" name="test2" class="com.cognizant.xmlpractice.ClassA"/>
      </group> <!-- smoke -->
    </groups>
    <test started-at="2025-06-18T12:08:11 IST" name="Test" finished-at="2025-06-18T12:08:11 IST" duration-ms="56">
      <class name="com.cognizant.xmlpractice.ClassB">
        <test-method signature="test6()[pri:0, instance:com.cognizant.xmlpractice.ClassB@2a4fb17b]" started-at="2025-06-18T12:08:11 IST" name="test6" finished-at="2025-06-18T12:08:11 IST" duration-ms="3" status="PASS">
          <reporter-output>
          </reporter-output>
        </test-method> <!-- test6 -->
      </class> <!-- com.cognizant.xmlpractice.ClassB -->
      <class name="com.cognizant.xmlpractice.ClassA">
        <test-method signature="test2()[pri:0, instance:com.cognizant.xmlpractice.ClassA@313ac989]" started-at="2025-06-18T12:08:11 IST" name="test2" finished-at="2025-06-18T12:08:11 IST" duration-ms="6" status="PASS">
          <reporter-output>
          </reporter-output>
        </test-method> <!-- test2 -->
      </class> <!-- com.cognizant.xmlpractice.ClassA -->
    </test> <!-- Test -->
  </suite> <!-- Suite -->
</testng-results>
